<?xml version="1.0" encoding="UTF-8"?>
<!-- Generated by org.testng.reporters.JUnitXMLReporter -->
<testsuite ignored="0" hostname="admin-PC" failures="0" tests="1" name="LoginUsingInvalidDetails" time="1.211" errors="0" timestamp="2021-02-09T16:59:37 IST">
  <testcase classname="com.login.LoginUsingInvalidDetails" name="@BeforeTest testTestCaseExicution" time="1.109">
    <skipped/>
  </testcase> <!-- @BeforeTest testTestCaseExicution -->
  <testcase classname="com.login.LoginUsingInvalidDetails" name="@AfterMethod checkexception" time="-1.612870177589E9">
    <skipped/>
  </testcase> <!-- @AfterMethod checkexception -->
  <testcase classname="com.login.LoginUsingInvalidDetails" name="test" time="0.0">
    <skipped/>
  </testcase> <!-- test -->
</testsuite> <!-- LoginUsingInvalidDetails -->
