<?xml version="1.0" encoding="UTF-8"?>
<!-- Generated by org.testng.reporters.JUnitXMLReporter -->
<testsuite ignored="4" hostname="admin-PC" failures="0" tests="3" name="VerifyLoginFunction" time="1.187" errors="0" timestamp="2021-02-09T16:55:10 IST">
  <testcase classname="com.login.LoginUsingInvalidDetails" name="@BeforeTest testTestCaseExicution" time="1.078">
    <skipped/>
  </testcase> <!-- @BeforeTest testTestCaseExicution -->
  <testcase classname="com.login.LoginUsingValidDetails" name="@BeforeTest testTestCaseExicution" time="-1.612869910615E9">
    <skipped/>
  </testcase> <!-- @BeforeTest testTestCaseExicution -->
  <testcase classname="com.login.LoginUsingInvalidDetails" name="@AfterMethod checkexception" time="-1.612869910687E9">
    <skipped/>
  </testcase> <!-- @AfterMethod checkexception -->
  <testcase classname="com.login.LoginUsingInvalidDetails" name="test" time="0.0">
    <skipped/>
  </testcase> <!-- test -->
  <testcase classname="com.login.LoginUnregisteredUser" name="test" time="0.0">
    <skipped/>
  </testcase> <!-- test -->
  <testcase classname="com.login.LoginUsingValidDetails" name="test" time="0.0">
    <skipped/>
  </testcase> <!-- test -->
  <testcase classname="com.login.VerifyLoginFunction" name="@AfterSuite test" time="0.0">
    <ignored/>
  </testcase> <!-- @AfterSuite test -->
  <testcase classname="com.login.VerifyLoginFunction" name="@AfterSuite test" time="0.0">
    <ignored/>
  </testcase> <!-- @AfterSuite test -->
  <testcase classname="com.login.VerifyLoginFunction" name="@BeforeSuite checkTestuiteExicution" time="0.0">
    <ignored/>
  </testcase> <!-- @BeforeSuite checkTestuiteExicution -->
  <testcase classname="com.login.VerifyLoginFunction" name="@BeforeSuite checkTestuiteExicution" time="0.0">
    <ignored/>
  </testcase> <!-- @BeforeSuite checkTestuiteExicution -->
</testsuite> <!-- VerifyLoginFunction -->
