<?xml version="1.0" encoding="UTF-8"?>
<testng-results ignored="0" total="1" passed="1" failed="0" skipped="0">
  <reporter-output>
  </reporter-output>
  <suite started-at="2021-04-06T14:13:44 IST" name="Default suite" finished-at="2021-04-06T14:13:55 IST" duration-ms="11311">
    <groups>
    </groups>
    <test started-at="2021-04-06T14:13:44 IST" name="Default test" finished-at="2021-04-06T14:13:55 IST" duration-ms="11311">
      <class name="com.fa.userlist.customers.CreateCustomerBlankInputs">
        <test-method is-config="true" signature="checkTestuiteExicution()[pri:0, instance:com.fa.userlist.customers.CreateCustomerBlankInputs@147e2ae7]" started-at="2021-04-06T14:13:14 IST" name="checkTestuiteExicution" finished-at="2021-04-06T14:13:44 IST" duration-ms="29169" status="PASS">
          <reporter-output>
          </reporter-output>
        </test-method> <!-- checkTestuiteExicution -->
        <test-method is-config="true" signature="testTestCaseExicution()[pri:0, instance:com.fa.userlist.customers.CreateCustomerBlankInputs@147e2ae7]" started-at="2021-04-06T14:13:44 IST" name="testTestCaseExicution" finished-at="2021-04-06T14:13:44 IST" duration-ms="1" status="PASS">
          <reporter-output>
          </reporter-output>
        </test-method> <!-- testTestCaseExicution -->
        <test-method signature="test(java.lang.String, java.lang.String, java.lang.String, java.lang.String, java.lang.String, java.lang.String, java.lang.String, java.lang.String)[pri:0, instance:com.fa.userlist.customers.CreateCustomerBlankInputs@147e2ae7]" started-at="2021-04-06T14:13:44 IST" name="test" data-provider="getTestDataFromXLS" finished-at="2021-04-06T14:13:55 IST" duration-ms="11239" status="PASS">
          <params>
            <param index="0">
              <value>
                <![CDATA[1]]>
              </value>
            </param>
            <param index="1">
              <value>
                <![CDATA[Leave all fields blank and check the validation messages]]>
              </value>
            </param>
            <param index="2">
              <value is-null="true"/>
            </param>
            <param index="3">
              <value is-null="true"/>
            </param>
            <param index="4">
              <value is-null="true"/>
            </param>
            <param index="5">
              <value is-null="true"/>
            </param>
            <param index="6">
              <value is-null="true"/>
            </param>
            <param index="7">
              <value>
                <![CDATA[Jamnagar]]>
              </value>
            </param>
          </params>
          <reporter-output>
          </reporter-output>
        </test-method> <!-- test -->
        <test-method is-config="true" signature="test()[pri:0, instance:com.fa.userlist.customers.CreateCustomerBlankInputs@147e2ae7]" started-at="2021-04-06T14:13:55 IST" name="test" finished-at="2021-04-06T14:13:56 IST" duration-ms="603" status="PASS">
          <reporter-output>
          </reporter-output>
        </test-method> <!-- test -->
      </class> <!-- com.fa.userlist.customers.CreateCustomerBlankInputs -->
    </test> <!-- Default test -->
  </suite> <!-- Default suite -->
</testng-results>
